-------------------------------------------
Batch: 0
-------------------------------------------
+--------------------+-----+
|            customer|score|
+--------------------+-----+
|Neeraj.Fibonnaci@...| 33.0|
|Dan.Aristotle@tes...| 26.0|
|Jason.Ahmed@test.com| -1.5|
|Jerry.Spencer@tes...|-22.0|
|Craig.Jones@test.com| -4.0|
|Bobby.Habschied@t...| -3.0|
| Jane.Doshi@test.com| -2.5|
|  Dan.Smith@test.com| -1.5|
|Danny.Khatib@test...| -2.5|
|Jerry.Howard@test...| -1.0|
|Spencer.Habschied...| -4.5|
|Ben.Fibonnaci@tes...| -1.0|
| Sean.Olson@test.com| -2.0|
|Jason.Clayton@tes...| -5.0|
|Jacob.Jackson@tes...|-19.0|
|Eric.Aristotle@te...|-20.5|
|David.Doshi@test.com|-21.0|
|Travis.Jefferson@...|-45.0|
|Chris.Anderson@te...|  5.5|
|Suresh.Anderson@t...|-43.5|
+--------------------+-----+
only showing top 20 rows

-------------------------------------------
Batch: 1
-------------------------------------------
+--------------------+-----+
|            customer|score|
+--------------------+-----+
|Bobby.Habschied@t...| -4.5|
| Jane.Doshi@test.com| -4.0|
|  Dan.Smith@test.com| -2.0|
|Danny.Khatib@test...| -3.5|
+--------------------+-----+

-------------------------------------------
Batch: 2
-------------------------------------------
+--------------------+-----+
|            customer|score|
+--------------------+-----+
|Jerry.Howard@test...| -2.0|
+--------------------+-----+

-------------------------------------------
Batch: 3
-------------------------------------------
+--------------------+-----+
|            customer|score|
+--------------------+-----+
|Spencer.Habschied...| -3.5|
+--------------------+-----+

-------------------------------------------
Batch: 4
-------------------------------------------
+--------------------+-----+
|            customer|score|
+--------------------+-----+
|Ben.Fibonnaci@tes...| -3.0|
+--------------------+-----+

-------------------------------------------
Batch: 5
-------------------------------------------
+-------------------+-----+
|           customer|score|
+-------------------+-----+
|Sean.Olson@test.com| -1.0|
+-------------------+-----+

-------------------------------------------
Batch: 6
-------------------------------------------
+--------------------+-----+
|            customer|score|
+--------------------+-----+
|Jason.Clayton@tes...| -4.0|
+--------------------+-----+

-------------------------------------------
Batch: 7
-------------------------------------------
+--------------------+-----+
|            customer|score|
+--------------------+-----+
|Jacob.Jackson@tes...| 35.5|
+--------------------+-----+

-------------------------------------------
Batch: 8
-------------------------------------------
+--------------------+-----+
|            customer|score|
+--------------------+-----+
|Eric.Aristotle@te...|  3.0|
+--------------------+-----+

-------------------------------------------
Batch: 9
-------------------------------------------
+--------------------+-----+
|            customer|score|
+--------------------+-----+
|David.Doshi@test.com| 14.0|
+--------------------+-----+

-------------------------------------------
Batch: 10
-------------------------------------------
+--------------------+-----+
|            customer|score|
+--------------------+-----+
|Travis.Jefferson@...|  8.5|
+--------------------+-----+

-------------------------------------------
Batch: 11
-------------------------------------------
+--------------------+-----+
|            customer|score|
+--------------------+-----+
|Chris.Anderson@te...|  3.0|
+--------------------+-----+

-------------------------------------------
Batch: 12
-------------------------------------------
+--------------------+-----+
|            customer|score|
+--------------------+-----+
|Suresh.Anderson@t...| 23.0|
+--------------------+-----+

-------------------------------------------
Batch: 13
-------------------------------------------
+--------------------+-----+
|            customer|score|
+--------------------+-----+
|Angie.Olson@test.com| -3.0|
+--------------------+-----+

-------------------------------------------
Batch: 14
-------------------------------------------
+--------------------+-----+
|            customer|score|
+--------------------+-----+
|Neeraj.Clayton@te...| 19.0|
+--------------------+-----+

-------------------------------------------
Batch: 15
-------------------------------------------
+--------------------+-----+
|            customer|score|
+--------------------+-----+
|Santosh.Fibonnaci...| 34.5|
+--------------------+-----+

-------------------------------------------
Batch: 16
-------------------------------------------
+--------------------+-----+
|            customer|score|
+--------------------+-----+
|Craig.Fibonnaci@t...|  5.5|
+--------------------+-----+

-------------------------------------------
Batch: 17
-------------------------------------------
+--------------------+-----+
|            customer|score|
+--------------------+-----+
|Frank.Anderson@te...| 15.5|
+--------------------+-----+

-------------------------------------------
Batch: 18
-------------------------------------------
+--------------------+-----+
|            customer|score|
+--------------------+-----+
|Neeraj.Fibonnaci@...| -3.5|
+--------------------+-----+

-------------------------------------------
Batch: 19
-------------------------------------------
+--------------------+-----+
|            customer|score|
+--------------------+-----+
|Dan.Aristotle@tes...| -7.5|
+--------------------+-----+

-------------------------------------------
Batch: 20
-------------------------------------------
+--------------------+-----+
|            customer|score|
+--------------------+-----+
|Jason.Ahmed@test.com|-18.5|
+--------------------+-----+

-------------------------------------------
Batch: 21
-------------------------------------------
+--------------------+-----+
|            customer|score|
+--------------------+-----+
|Jerry.Spencer@tes...| 28.5|
+--------------------+-----+

-------------------------------------------
Batch: 22
-------------------------------------------
+--------------------+-----+
|            customer|score|
+--------------------+-----+
|Craig.Jones@test.com| -5.5|
+--------------------+-----+

-------------------------------------------
Batch: 23
-------------------------------------------
+--------------------+-----+
|            customer|score|
+--------------------+-----+
|Bobby.Habschied@t...| -4.0|
+--------------------+-----+

-------------------------------------------
Batch: 24
-------------------------------------------
+-------------------+-----+
|           customer|score|
+-------------------+-----+
|Jane.Doshi@test.com| -3.5|
+-------------------+-----+

-------------------------------------------
Batch: 25
-------------------------------------------
+------------------+-----+
|          customer|score|
+------------------+-----+
|Dan.Smith@test.com| -1.0|
+------------------+-----+

-------------------------------------------
Batch: 26
-------------------------------------------
+--------------------+-----+
|            customer|score|
+--------------------+-----+
|Danny.Khatib@test...| -3.5|
+--------------------+-----+

-------------------------------------------
Batch: 27
-------------------------------------------
+--------------------+-----+
|            customer|score|
+--------------------+-----+
|Jerry.Howard@test...| -2.5|
+--------------------+-----+

-------------------------------------------
Batch: 28
-------------------------------------------
+--------------------+-----+
|            customer|score|
+--------------------+-----+
|Spencer.Habschied...| -4.0|
+--------------------+-----+

-------------------------------------------
Batch: 29
-------------------------------------------
+--------------------+-----+
|            customer|score|
+--------------------+-----+
|Ben.Fibonnaci@tes...| -4.0|
+--------------------+-----+

-------------------------------------------
Batch: 30
-------------------------------------------
+-------------------+-----+
|           customer|score|
+-------------------+-----+
|Sean.Olson@test.com| -2.5|
+-------------------+-----+

-------------------------------------------
Batch: 31
-------------------------------------------
+--------------------+-----+
|            customer|score|
+--------------------+-----+
|Jason.Clayton@tes...| -2.0|
+--------------------+-----+

-------------------------------------------
Batch: 32
-------------------------------------------
+--------------------+-----+
|            customer|score|
+--------------------+-----+
|Jacob.Jackson@tes...|  6.0|
+--------------------+-----+

-------------------------------------------
Batch: 33
-------------------------------------------
+--------------------+-----+
|            customer|score|
+--------------------+-----+
|Eric.Aristotle@te...| 25.5|
+--------------------+-----+

-------------------------------------------
Batch: 34
-------------------------------------------
+--------------------+-----+
|            customer|score|
+--------------------+-----+
|David.Doshi@test.com| -2.0|
+--------------------+-----+

-------------------------------------------
Batch: 35
-------------------------------------------
+--------------------+-----+
|            customer|score|
+--------------------+-----+
|Travis.Jefferson@...|  6.0|
+--------------------+-----+

-------------------------------------------
Batch: 36
-------------------------------------------
+--------------------+-----+
|            customer|score|
+--------------------+-----+
|Chris.Anderson@te...|-20.0|
+--------------------+-----+

-------------------------------------------
Batch: 37
-------------------------------------------
+--------------------+-----+
|            customer|score|
+--------------------+-----+
|Suresh.Anderson@t...| 28.0|
+--------------------+-----+

-------------------------------------------
Batch: 38
-------------------------------------------
+--------------------+-----+
|            customer|score|
+--------------------+-----+
|Angie.Olson@test.com| -3.5|
+--------------------+-----+

-------------------------------------------
Batch: 39
-------------------------------------------
+--------------------+-----+
|            customer|score|
+--------------------+-----+
|Neeraj.Clayton@te...| 35.0|
+--------------------+-----+

-------------------------------------------
Batch: 40
-------------------------------------------
+--------------------+-----+
|            customer|score|
+--------------------+-----+
|Santosh.Fibonnaci...| -8.5|
+--------------------+-----+

-------------------------------------------
Batch: 41
-------------------------------------------
+--------------------+-----+
|            customer|score|
+--------------------+-----+
|Craig.Fibonnaci@t...|-10.5|
+--------------------+-----+

-------------------------------------------
Batch: 42
-------------------------------------------
+--------------------+-----+
|            customer|score|
+--------------------+-----+
|Frank.Anderson@te...| 11.0|
+--------------------+-----+

-------------------------------------------
Batch: 43
-------------------------------------------
+--------------------+-----+
|            customer|score|
+--------------------+-----+
|Neeraj.Fibonnaci@...| 18.0|
+--------------------+-----+

-------------------------------------------
Batch: 44
-------------------------------------------
+--------------------+-----+
|            customer|score|
+--------------------+-----+
|Dan.Aristotle@tes...| -9.0|
+--------------------+-----+

-------------------------------------------
Batch: 45
-------------------------------------------
+--------------------+-----+
|            customer|score|
+--------------------+-----+
|Jason.Ahmed@test.com| -4.5|
+--------------------+-----+

-------------------------------------------
Batch: 46
-------------------------------------------
+--------------------+-----+
|            customer|score|
+--------------------+-----+
|Jerry.Spencer@tes...|  1.0|
+--------------------+-----+

-------------------------------------------
Batch: 47
-------------------------------------------
+--------------------+-----+
|            customer|score|
+--------------------+-----+
|Craig.Jones@test.com| -4.5|
+--------------------+-----+

-------------------------------------------
Batch: 48
-------------------------------------------
+--------------------+-----+
|            customer|score|
+--------------------+-----+
|Bobby.Habschied@t...| -4.5|
+--------------------+-----+

-------------------------------------------
Batch: 49
-------------------------------------------
+-------------------+-----+
|           customer|score|
+-------------------+-----+
|Jane.Doshi@test.com| -1.5|
+-------------------+-----+

-------------------------------------------
Batch: 50
-------------------------------------------
+------------------+-----+
|          customer|score|
+------------------+-----+
|Dan.Smith@test.com| -1.0|
+------------------+-----+

-------------------------------------------
Batch: 51
-------------------------------------------
+--------------------+-----+
|            customer|score|
+--------------------+-----+
|Danny.Khatib@test...| -4.5|
+--------------------+-----+

-------------------------------------------
Batch: 52
-------------------------------------------
+--------------------+-----+
|            customer|score|
+--------------------+-----+
|Jerry.Howard@test...| -4.5|
+--------------------+-----+

-------------------------------------------
Batch: 53
-------------------------------------------
+--------------------+-----+
|            customer|score|
+--------------------+-----+
|Spencer.Habschied...| -4.0|
+--------------------+-----+

-------------------------------------------
Batch: 54
-------------------------------------------
+--------------------+-----+
|            customer|score|
+--------------------+-----+
|Ben.Fibonnaci@tes...| -4.5|
+--------------------+-----+

-------------------------------------------
Batch: 55
-------------------------------------------
+-------------------+-----+
|           customer|score|
+-------------------+-----+
|Sean.Olson@test.com| -3.0|
+-------------------+-----+

-------------------------------------------
Batch: 56
-------------------------------------------
+--------------------+-----+
|            customer|score|
+--------------------+-----+
|Jason.Clayton@tes...| -1.0|
+--------------------+-----+

-------------------------------------------
Batch: 57
-------------------------------------------
+--------------------+-----+
|            customer|score|
+--------------------+-----+
|Jacob.Jackson@tes...| -2.0|
+--------------------+-----+

-------------------------------------------
Batch: 58
-------------------------------------------
+--------------------+-----+
|            customer|score|
+--------------------+-----+
|Eric.Aristotle@te...| -7.0|
+--------------------+-----+

-------------------------------------------
Batch: 59
-------------------------------------------
+--------------------+-----+
|            customer|score|
+--------------------+-----+
|David.Doshi@test.com| 16.5|
+--------------------+-----+

-------------------------------------------
Batch: 60
-------------------------------------------
+--------------------+-----+
|            customer|score|
+--------------------+-----+
|Travis.Jefferson@...| 24.0|
+--------------------+-----+

-------------------------------------------
Batch: 61
-------------------------------------------
+--------------------+-----+
|            customer|score|
+--------------------+-----+
|Chris.Anderson@te...|-18.5|
+--------------------+-----+

-------------------------------------------
Batch: 62
-------------------------------------------
+--------------------+-----+
|            customer|score|
+--------------------+-----+
|Suresh.Anderson@t...|  9.0|
+--------------------+-----+

-------------------------------------------
Batch: 63
-------------------------------------------
+--------------------+-----+
|            customer|score|
+--------------------+-----+
|Angie.Olson@test.com|-14.0|
+--------------------+-----+

-------------------------------------------
Batch: 64
-------------------------------------------
+--------------------+-----+
|            customer|score|
+--------------------+-----+
|Neeraj.Clayton@te...|  6.0|
+--------------------+-----+

-------------------------------------------
Batch: 65
-------------------------------------------
+--------------------+-----+
|            customer|score|
+--------------------+-----+
|Santosh.Fibonnaci...|-13.0|
+--------------------+-----+

-------------------------------------------
Batch: 66
-------------------------------------------
+--------------------+-----+
|            customer|score|
+--------------------+-----+
|Craig.Fibonnaci@t...|-23.5|
+--------------------+-----+

-------------------------------------------
Batch: 67
-------------------------------------------
+--------------------+-----+
|            customer|score|
+--------------------+-----+
|Frank.Anderson@te...|  6.0|
+--------------------+-----+

